     
! DOF
     
$bdyty
 RBDY3  19993
$nodty
 NO6xx      1
$dofty  numbr [CT......+......AMP..*..cos.(..OMEGA.*.time.+.PHI..)]...*...[RAMPI.....+.....RAMP.*.time]
 vlocy      1  0.0000000D+00  0.0000000D+00  0.0000000D+00  0.0000000D+00  0.1000000D+01  0.0000000D+00
 vlocy      2  0.0000000D+00  0.0000000D+00  0.0000000D+00  0.0000000D+00  0.1000000D+01  0.0000000D+00
 vlocy      4  0.0000000D+00  0.0000000D+00  0.0000000D+00  0.0000000D+00  0.1000000D+01  0.0000000D+00
 vlocy      5  0.0000000D+00  0.0000000D+00  0.0000000D+00  0.0000000D+00  0.1000000D+01  0.0000000D+00
 vlocy      6  0.0000000D+00  0.0000000D+00  0.0000000D+00  0.0000000D+00  0.1000000D+01  0.0000000D+00
$$$$$$
 
$bdyty
 RBDY3  19994
$nodty
 NO6xx      1
$dofty  numbr [CT......+......AMP..*..cos.(..OMEGA.*.time.+.PHI..)]...*...[RAMPI.....+.....RAMP.*.time]
 vlocy      1  0.0000000D+00  0.0000000D+00  0.0000000D+00  0.0000000D+00  0.1000000D+01  0.0000000D+00
 vlocy      2  0.0000000D+00  0.0000000D+00  0.0000000D+00  0.0000000D+00  0.1000000D+01  0.0000000D+00
 vlocy      4  0.0000000D+00  0.0000000D+00  0.0000000D+00  0.0000000D+00  0.1000000D+01  0.0000000D+00
 vlocy      5  0.0000000D+00  0.0000000D+00  0.0000000D+00  0.0000000D+00  0.1000000D+01  0.0000000D+00
 vlocy      6  0.0000000D+00  0.0000000D+00  0.0000000D+00  0.0000000D+00  0.1000000D+01  0.0000000D+00
$$$$$$
 
$bdyty
 RBDY3  19995
$nodty
 NO6xx      1
$dofty  numbr [CT......+......AMP..*..cos.(..OMEGA.*.time.+.PHI..)]...*...[RAMPI.....+.....RAMP.*.time]
 vlocy      1  0.0000000D+00  0.0000000D+00  0.0000000D+00  0.0000000D+00  0.1000000D+01  0.0000000D+00
 vlocy      3  0.0000000D+00  0.0000000D+00  0.0000000D+00  0.0000000D+00  0.1000000D+01  0.0000000D+00
 vlocy      4  0.0000000D+00  0.0000000D+00  0.0000000D+00  0.0000000D+00  0.1000000D+01  0.0000000D+00
 vlocy      5  0.0000000D+00  0.0000000D+00  0.0000000D+00  0.0000000D+00  0.1000000D+01  0.0000000D+00
 vlocy      6  0.0000000D+00  0.0000000D+00  0.0000000D+00  0.0000000D+00  0.1000000D+01  0.0000000D+00
$$$$$$
 
$bdyty
 RBDY3  19996
$nodty
 NO6xx      1
$dofty  numbr [CT......+......AMP..*..cos.(..OMEGA.*.time.+.PHI..)]...*...[RAMPI.....+.....RAMP.*.time]
 vlocy      1  0.0000000D+00  0.0000000D+00  0.0000000D+00  0.0000000D+00  0.1000000D+01  0.0000000D+00
 vlocy      3  0.0000000D+00  0.0000000D+00  0.0000000D+00  0.0000000D+00  0.1000000D+01  0.0000000D+00
 vlocy      4  0.0000000D+00  0.0000000D+00  0.0000000D+00  0.0000000D+00  0.1000000D+01  0.0000000D+00
 vlocy      5  0.0000000D+00  0.0000000D+00  0.0000000D+00  0.0000000D+00  0.1000000D+01  0.0000000D+00
 vlocy      6  0.0000000D+00  0.0000000D+00  0.0000000D+00  0.0000000D+00  0.1000000D+01  0.0000000D+00
$$$$$$
 
$bdyty
 RBDY3  19997
$nodty
 NO6xx      1
$dofty  numbr [CT......+......AMP..*..cos.(..OMEGA.*.time.+.PHI..)]...*...[RAMPI.....+.....RAMP.*.time]
 vlocy      2  0.0000000D+00  0.0000000D+00  0.0000000D+00  0.0000000D+00  0.1000000D+01  0.0000000D+00
 vlocy      3  0.0000000D+00  0.0000000D+00  0.0000000D+00  0.0000000D+00  0.1000000D+01  0.0000000D+00
 vlocy      4  0.0000000D+00  0.0000000D+00  0.0000000D+00  0.0000000D+00  0.1000000D+01  0.0000000D+00
 vlocy      5  0.0000000D+00  0.0000000D+00  0.0000000D+00  0.0000000D+00  0.1000000D+01  0.0000000D+00
 vlocy      6  0.0000000D+00  0.0000000D+00  0.0000000D+00  0.0000000D+00  0.1000000D+01  0.0000000D+00
$$$$$$
 
$bdyty
 RBDY3  19998
$nodty
 NO6xx      1
$dofty  numbr [CT......+......AMP..*..cos.(..OMEGA.*.time.+.PHI..)]...*...[RAMPI.....+.....RAMP.*.time]
 vlocy      2  0.0000000D+00  0.0000000D+00  0.0000000D+00  0.0000000D+00  0.1000000D+01  0.0000000D+00
 vlocy      3  0.0000000D+00  0.0000000D+00  0.0000000D+00  0.0000000D+00  0.1000000D+01  0.0000000D+00
 vlocy      4  0.0000000D+00  0.0000000D+00  0.0000000D+00  0.0000000D+00  0.1000000D+01  0.0000000D+00
 vlocy      5  0.0000000D+00  0.0000000D+00  0.0000000D+00  0.0000000D+00  0.1000000D+01  0.0000000D+00
 vlocy      6  0.0000000D+00  0.0000000D+00  0.0000000D+00  0.0000000D+00  0.1000000D+01  0.0000000D+00
$$$$$$
 
